2025-07-15T10:16:07.093277+00:00 CRITICAL 'ansible_navigator.actions.run_016b._handle_message' Unhandled message from runner queue, discarded: {'event': 'verbose', 'uuid': 'c3da11cf-0e8a-4133-aafb-7c5c7a1fab43', 'counter': 1, 'stdout': '\x1b[1;35m[WARNING]: Unable to parse /home/mzdyb/git/avd-aap/inventory as an inventory\x1b[0m', 'start_line': 0, 'end_line': 1, 'runner_ident': 'da932b56-e8c0-46f5-a3f6-ee5571480073', 'created': '2025-07-15T10:16:07.093045+00:00'}
2025-07-15T10:16:07.093781+00:00 CRITICAL 'ansible_navigator.actions.run_016b._handle_message' Unhandled message from runner queue, discarded: {'event': 'verbose', 'uuid': 'a7676605-ee71-4d49-b8af-c2f7356d52ef', 'counter': 2, 'stdout': '\x1b[1;35msource\x1b[0m', 'start_line': 1, 'end_line': 2, 'runner_ident': 'da932b56-e8c0-46f5-a3f6-ee5571480073', 'created': '2025-07-15T10:16:07.093654+00:00'}
2025-07-15T10:16:07.093906+00:00 CRITICAL 'ansible_navigator.actions.run_016b._handle_message' Unhandled message from runner queue, discarded: {'event': 'verbose', 'uuid': '13308296-7138-4d4d-b8ea-447a0e66cb1d', 'counter': 3, 'stdout': '\x1b[1;35m[WARNING]: No inventory was parsed, only implicit localhost is available\x1b[0m', 'start_line': 2, 'end_line': 3, 'runner_ident': 'da932b56-e8c0-46f5-a3f6-ee5571480073', 'created': '2025-07-15T10:16:07.093842+00:00'}
2025-07-15T10:16:07.196227+00:00 CRITICAL 'ansible_navigator.actions.run_016b._handle_message' Unhandled message from runner queue, discarded: {'event': 'verbose', 'uuid': '58db9a85-9a26-4df2-9618-0f087bc1b78f', 'counter': 4, 'stdout': '\x1b[1;35m[WARNING]: provided hosts list is empty, only localhost is available. Note that\x1b[0m', 'start_line': 3, 'end_line': 4, 'runner_ident': 'da932b56-e8c0-46f5-a3f6-ee5571480073', 'created': '2025-07-15T10:16:07.094419+00:00'}
2025-07-15T10:16:07.196347+00:00 CRITICAL 'ansible_navigator.actions.run_016b._handle_message' Unhandled message from runner queue, discarded: {'event': 'verbose', 'uuid': 'f0cccc77-4187-482c-b172-a7ce744a3bdb', 'counter': 5, 'stdout': "\x1b[1;35mthe implicit localhost does not match 'all'\x1b[0m", 'start_line': 4, 'end_line': 5, 'runner_ident': 'da932b56-e8c0-46f5-a3f6-ee5571480073', 'created': '2025-07-15T10:16:07.094472+00:00'}
2025-07-15T10:16:07.196415+00:00 CRITICAL 'ansible_navigator.actions.run_016b._handle_message' Unhandled message from runner queue, discarded: {'event': 'verbose', 'uuid': '6ab3eb77-3045-4421-b78a-13322a218584', 'counter': 6, 'stdout': "\x1b[0;31mERROR! couldn't resolve module/action 'ansible.scmgit_retrieve'. This often indicates a misspelling, missing collection, or incorrect module path.\x1b[0m", 'start_line': 5, 'end_line': 6, 'runner_ident': 'da932b56-e8c0-46f5-a3f6-ee5571480073', 'created': '2025-07-15T10:16:07.160033+00:00'}
2025-07-15T10:16:07.196474+00:00 CRITICAL 'ansible_navigator.actions.run_016b._handle_message' Unhandled message from runner queue, discarded: {'event': 'verbose', 'uuid': 'a10d9ad2-1710-49c6-96da-40d4493682c3', 'counter': 7, 'stdout': '\x1b[0;31m\x1b[0m', 'start_line': 6, 'end_line': 7, 'runner_ident': 'da932b56-e8c0-46f5-a3f6-ee5571480073', 'created': '2025-07-15T10:16:07.160114+00:00'}
2025-07-15T10:16:07.196523+00:00 CRITICAL 'ansible_navigator.actions.run_016b._handle_message' Unhandled message from runner queue, discarded: {'event': 'verbose', 'uuid': 'ae8424d2-3588-4e06-8089-ded18747e077', 'counter': 8, 'stdout': "\x1b[0;31mThe error appears to be in '/home/mzdyb/git/avd-aap/playbooks/build-deploy.yml': line 20, column 7, but may\x1b[0m", 'start_line': 7, 'end_line': 8, 'runner_ident': 'da932b56-e8c0-46f5-a3f6-ee5571480073', 'created': '2025-07-15T10:16:07.160168+00:00'}
2025-07-15T10:16:07.196575+00:00 CRITICAL 'ansible_navigator.actions.run_016b._handle_message' Unhandled message from runner queue, discarded: {'event': 'verbose', 'uuid': '7badf28e-3768-4a11-ac00-22fa5a70e64a', 'counter': 9, 'stdout': '\x1b[0;31mbe elsewhere in the file depending on the exact syntax problem.\x1b[0m', 'start_line': 8, 'end_line': 9, 'runner_ident': 'da932b56-e8c0-46f5-a3f6-ee5571480073', 'created': '2025-07-15T10:16:07.160227+00:00'}
2025-07-15T10:16:07.196635+00:00 CRITICAL 'ansible_navigator.actions.run_016b._handle_message' Unhandled message from runner queue, discarded: {'event': 'verbose', 'uuid': '03eebd7b-9a95-4f9c-8bd0-15dfe5623b00', 'counter': 10, 'stdout': '\x1b[0;31m\x1b[0m', 'start_line': 9, 'end_line': 10, 'runner_ident': 'da932b56-e8c0-46f5-a3f6-ee5571480073', 'created': '2025-07-15T10:16:07.160278+00:00'}
2025-07-15T10:16:07.196679+00:00 CRITICAL 'ansible_navigator.actions.run_016b._handle_message' Unhandled message from runner queue, discarded: {'event': 'verbose', 'uuid': '65d13164-719e-433d-ad30-0fa97a081e06', 'counter': 11, 'stdout': '\x1b[0;31mThe offending line appears to be:\x1b[0m', 'start_line': 10, 'end_line': 11, 'runner_ident': 'da932b56-e8c0-46f5-a3f6-ee5571480073', 'created': '2025-07-15T10:16:07.160321+00:00'}
2025-07-15T10:16:07.196725+00:00 CRITICAL 'ansible_navigator.actions.run_016b._handle_message' Unhandled message from runner queue, discarded: {'event': 'verbose', 'uuid': '1a483b0d-16f6-4593-b614-08175ff48fe9', 'counter': 12, 'stdout': '\x1b[0;31m\x1b[0m', 'start_line': 11, 'end_line': 12, 'runner_ident': 'da932b56-e8c0-46f5-a3f6-ee5571480073', 'created': '2025-07-15T10:16:07.160365+00:00'}
2025-07-15T10:16:07.196774+00:00 CRITICAL 'ansible_navigator.actions.run_016b._handle_message' Unhandled message from runner queue, discarded: {'event': 'verbose', 'uuid': '1a674c76-a19e-4b73-84c5-5ec831fa1428', 'counter': 13, 'stdout': '\x1b[0;31m  tasks:\x1b[0m', 'start_line': 12, 'end_line': 13, 'runner_ident': 'da932b56-e8c0-46f5-a3f6-ee5571480073', 'created': '2025-07-15T10:16:07.160407+00:00'}
2025-07-15T10:16:07.196825+00:00 CRITICAL 'ansible_navigator.actions.run_016b._handle_message' Unhandled message from runner queue, discarded: {'event': 'verbose', 'uuid': '41e02692-76fc-48fc-bcad-e5c88db39f36', 'counter': 14, 'stdout': '\x1b[0;31m    - name: Retrieve latest artifacts\x1b[0m', 'start_line': 13, 'end_line': 14, 'runner_ident': 'da932b56-e8c0-46f5-a3f6-ee5571480073', 'created': '2025-07-15T10:16:07.160451+00:00'}
2025-07-15T10:16:07.196868+00:00 CRITICAL 'ansible_navigator.actions.run_016b._handle_message' Unhandled message from runner queue, discarded: {'event': 'verbose', 'uuid': '5c072d40-8945-48b5-9ff5-49571c38beed', 'counter': 15, 'stdout': '\x1b[0;31m      ^ here\x1b[0m', 'start_line': 14, 'end_line': 15, 'runner_ident': 'da932b56-e8c0-46f5-a3f6-ee5571480073', 'created': '2025-07-15T10:16:07.160492+00:00'}
2025-07-15T10:18:21.323689+00:00 INFO 'ansible_navigator.setup_logger' New ansible-navigator instance, logging initialized
2025-07-15T10:18:21.323894+00:00 INFO 'ansible_navigator.setup_logger' New ansible-runner instance, logging initialized
2025-07-15T10:18:21.323946+00:00 DEBUG 'ansible_navigator.main' Beaker==1.12.1 
2025-07-15T10:18:21.323978+00:00 DEBUG 'ansible_navigator.main' Brlapi==0.8.5 
2025-07-15T10:18:21.324004+00:00 DEBUG 'ansible_navigator.main' Brotli==1.1.0 
2025-07-15T10:18:21.324029+00:00 DEBUG 'ansible_navigator.main' Mako==1.2.3 
2025-07-15T10:18:21.324052+00:00 DEBUG 'ansible_navigator.main' Markdown==3.7 
2025-07-15T10:18:21.324072+00:00 DEBUG 'ansible_navigator.main' MarkupSafe==2.1.5 
2025-07-15T10:18:21.324094+00:00 DEBUG 'ansible_navigator.main' Parsley==1.3 
2025-07-15T10:18:21.324114+00:00 DEBUG 'ansible_navigator.main' Paste==3.10.1 
2025-07-15T10:18:21.324134+00:00 DEBUG 'ansible_navigator.main' PyNaCl==1.5.0 
2025-07-15T10:18:21.324154+00:00 DEBUG 'ansible_navigator.main' PyQt5==5.15.11 /usr/lib64/python3.13/site-packages/PyQt5/__init__.py
2025-07-15T10:18:21.324175+00:00 DEBUG 'ansible_navigator.main' PyQt5_sip==12.15.0 
2025-07-15T10:18:21.324196+00:00 DEBUG 'ansible_navigator.main' PyQt6-WebEngine==6.8.0 
2025-07-15T10:18:21.324222+00:00 DEBUG 'ansible_navigator.main' PyQt6==6.8.1 /usr/lib64/python3.13/site-packages/PyQt6/__init__.py
2025-07-15T10:18:21.324244+00:00 DEBUG 'ansible_navigator.main' PyQt6_sip==13.9.1 
2025-07-15T10:18:21.324264+00:00 DEBUG 'ansible_navigator.main' PyQtWebEngine==5.15.6 
2025-07-15T10:18:21.324283+00:00 DEBUG 'ansible_navigator.main' PySocks==1.7.1 
2025-07-15T10:18:21.324310+00:00 DEBUG 'ansible_navigator.main' PyYAML==6.0.2 
2025-07-15T10:18:21.324332+00:00 DEBUG 'ansible_navigator.main' Tempita==0.5.2 
2025-07-15T10:18:21.324350+00:00 DEBUG 'ansible_navigator.main' aiodns==3.2.0 /usr/lib/python3.13/site-packages/aiodns/__init__.py
2025-07-15T10:18:21.324369+00:00 DEBUG 'ansible_navigator.main' aiohttp==3.10.5 /usr/lib64/python3.13/site-packages/aiohttp/__init__.py
2025-07-15T10:18:21.324387+00:00 DEBUG 'ansible_navigator.main' aiosignal==1.3.2 /usr/lib/python3.13/site-packages/aiosignal/__init__.py
2025-07-15T10:18:21.324405+00:00 DEBUG 'ansible_navigator.main' annotated-types==0.7.0 
2025-07-15T10:18:21.324424+00:00 DEBUG 'ansible_navigator.main' ansible-builder==3.1.0 
2025-07-15T10:18:21.324443+00:00 DEBUG 'ansible_navigator.main' ansible-compat==25.1.4 
2025-07-15T10:18:21.324461+00:00 DEBUG 'ansible_navigator.main' ansible-core==2.16.14 
2025-07-15T10:18:21.324481+00:00 DEBUG 'ansible_navigator.main' ansible-lint==25.1.3 
2025-07-15T10:18:21.324499+00:00 DEBUG 'ansible_navigator.main' ansible-navigator==25.1.0 
2025-07-15T10:18:21.324518+00:00 DEBUG 'ansible_navigator.main' ansible-runner==2.4.0 
2025-07-15T10:18:21.324536+00:00 DEBUG 'ansible_navigator.main' ansible==9.13.0 /usr/lib/python3.13/site-packages/ansible/__init__.py
2025-07-15T10:18:21.324554+00:00 DEBUG 'ansible_navigator.main' anta==1.4.0 /home/mzdyb/.local/lib/python3.13/site-packages/anta/__init__.py
2025-07-15T10:18:21.324572+00:00 DEBUG 'ansible_navigator.main' anyio==4.8.0 /home/mzdyb/.local/lib/python3.13/site-packages/anyio/__init__.py
2025-07-15T10:18:21.324591+00:00 DEBUG 'ansible_navigator.main' apsw==3.46.1.0 /usr/lib64/python3.13/site-packages/apsw/__init__.cpython-313-x86_64-linux-gnu.so
2025-07-15T10:18:21.324610+00:00 DEBUG 'ansible_navigator.main' aristaproto==0.1.4 /home/mzdyb/.local/lib/python3.13/site-packages/aristaproto/__init__.py
2025-07-15T10:18:21.324627+00:00 DEBUG 'ansible_navigator.main' asttokens==3.0.0 /home/mzdyb/.local/lib/python3.13/site-packages/asttokens/__init__.py
2025-07-15T10:18:21.324646+00:00 DEBUG 'ansible_navigator.main' async-timeout==4.0.2 
2025-07-15T10:18:21.324664+00:00 DEBUG 'ansible_navigator.main' asyncssh==2.21.0 /home/mzdyb/.local/lib/python3.13/site-packages/asyncssh/__init__.py
2025-07-15T10:18:21.324682+00:00 DEBUG 'ansible_navigator.main' awxkit==24.6.1 /home/mzdyb/.local/lib/python3.13/site-packages/awxkit/__init__.py
2025-07-15T10:18:21.324699+00:00 DEBUG 'ansible_navigator.main' bcrypt==4.1.2 /usr/lib64/python3.13/site-packages/bcrypt/__init__.py
2025-07-15T10:18:21.324718+00:00 DEBUG 'ansible_navigator.main' bindep==2.12.0 /home/mzdyb/.local/lib/python3.13/site-packages/bindep/__init__.py
2025-07-15T10:18:21.324736+00:00 DEBUG 'ansible_navigator.main' black==25.1.0 /home/mzdyb/.local/lib/python3.13/site-packages/black/__init__.cpython-313-x86_64-linux-gnu.so
2025-07-15T10:18:21.324754+00:00 DEBUG 'ansible_navigator.main' blivet-gui==2.6.0 
2025-07-15T10:18:21.324772+00:00 DEBUG 'ansible_navigator.main' blivet==3.11.0 /usr/lib/python3.13/site-packages/blivet/__init__.py
2025-07-15T10:18:21.324790+00:00 DEBUG 'ansible_navigator.main' boto3==1.38.42 /usr/lib/python3.13/site-packages/boto3/__init__.py
2025-07-15T10:18:21.324807+00:00 DEBUG 'ansible_navigator.main' botocore==1.38.42 /usr/lib/python3.13/site-packages/botocore/__init__.py
2025-07-15T10:18:21.324826+00:00 DEBUG 'ansible_navigator.main' bracex==2.5.post1 /home/mzdyb/.local/lib/python3.13/site-packages/bracex/__init__.py
2025-07-15T10:18:21.324843+00:00 DEBUG 'ansible_navigator.main' cached-property==1.5.2 
2025-07-15T10:18:21.324862+00:00 DEBUG 'ansible_navigator.main' certifi==2023.5.7 /usr/lib/python3.13/site-packages/certifi/__init__.py
2025-07-15T10:18:21.324879+00:00 DEBUG 'ansible_navigator.main' cffi==1.17.0 /usr/lib64/python3.13/site-packages/cffi/__init__.py
2025-07-15T10:18:21.324897+00:00 DEBUG 'ansible_navigator.main' chardet==5.2.0 /usr/lib/python3.13/site-packages/chardet/__init__.py
2025-07-15T10:18:21.324915+00:00 DEBUG 'ansible_navigator.main' charset-normalizer==3.3.2 
2025-07-15T10:18:21.324936+00:00 DEBUG 'ansible_navigator.main' click==8.1.7 /usr/lib/python3.13/site-packages/click/__init__.py
2025-07-15T10:18:21.324955+00:00 DEBUG 'ansible_navigator.main' cockpit==340 /usr/lib/python3.13/site-packages/cockpit/__init__.py
2025-07-15T10:18:21.324974+00:00 DEBUG 'ansible_navigator.main' comm==0.2.2 /home/mzdyb/.local/lib/python3.13/site-packages/comm/__init__.py
2025-07-15T10:18:21.324992+00:00 DEBUG 'ansible_navigator.main' crypt_r==3.13.1 /usr/lib64/python3.13/site-packages/crypt_r.py
2025-07-15T10:18:21.325011+00:00 DEBUG 'ansible_navigator.main' css-parser==1.0.10 
2025-07-15T10:18:21.325031+00:00 DEBUG 'ansible_navigator.main' cupshelpers==1.0 /usr/lib/python3.13/site-packages/cupshelpers/__init__.py
2025-07-15T10:18:21.325049+00:00 DEBUG 'ansible_navigator.main' cvprac==1.4.1 /home/mzdyb/.local/lib/python3.13/site-packages/cvprac/__init__.py
2025-07-15T10:18:21.325068+00:00 DEBUG 'ansible_navigator.main' dasbus==1.7 /usr/lib/python3.13/site-packages/dasbus/__init__.py
2025-07-15T10:18:21.325086+00:00 DEBUG 'ansible_navigator.main' dbus-python==1.3.2 
2025-07-15T10:18:21.325104+00:00 DEBUG 'ansible_navigator.main' debugpy==1.8.13 /home/mzdyb/.local/lib/python3.13/site-packages/debugpy/__init__.py
2025-07-15T10:18:21.325122+00:00 DEBUG 'ansible_navigator.main' decorator==5.2.1 /home/mzdyb/.local/lib/python3.13/site-packages/decorator.py
2025-07-15T10:18:21.325140+00:00 DEBUG 'ansible_navigator.main' deepmerge==2.0 /home/mzdyb/.local/lib/python3.13/site-packages/deepmerge/__init__.py
2025-07-15T10:18:21.325157+00:00 DEBUG 'ansible_navigator.main' defusedxml==0.7.1 /usr/lib/python3.13/site-packages/defusedxml/__init__.py
2025-07-15T10:18:21.325175+00:00 DEBUG 'ansible_navigator.main' distlib==0.3.9 /home/mzdyb/.local/lib/python3.13/site-packages/distlib/__init__.py
2025-07-15T10:18:21.325193+00:00 DEBUG 'ansible_navigator.main' distro==1.9.0 /usr/lib/python3.13/site-packages/distro/__init__.py
2025-07-15T10:18:21.325211+00:00 DEBUG 'ansible_navigator.main' docker-pycreds==0.4.0 
2025-07-15T10:18:21.325235+00:00 DEBUG 'ansible_navigator.main' dockerpty==0.4.1 /usr/lib/python3.13/site-packages/dockerpty/__init__.py
2025-07-15T10:18:21.325254+00:00 DEBUG 'ansible_navigator.main' docopt==0.6.2 /usr/lib/python3.13/site-packages/docopt.py
2025-07-15T10:18:21.325272+00:00 DEBUG 'ansible_navigator.main' eval_type_backport==0.2.2 /home/mzdyb/.local/lib/python3.13/site-packages/eval_type_backport/__init__.py
2025-07-15T10:18:21.325290+00:00 DEBUG 'ansible_navigator.main' evdev==1.9.1 /usr/lib64/python3.13/site-packages/evdev/__init__.py
2025-07-15T10:18:21.325308+00:00 DEBUG 'ansible_navigator.main' executing==2.2.0 /home/mzdyb/.local/lib/python3.13/site-packages/executing/__init__.py
2025-07-15T10:18:21.325326+00:00 DEBUG 'ansible_navigator.main' fedora-third-party==0.10 
2025-07-15T10:18:21.325344+00:00 DEBUG 'ansible_navigator.main' feedparser==6.0.11 /usr/lib/python3.13/site-packages/feedparser/__init__.py
2025-07-15T10:18:21.325362+00:00 DEBUG 'ansible_navigator.main' file-magic==0.4.0 
2025-07-15T10:18:21.325380+00:00 DEBUG 'ansible_navigator.main' filelock==3.18.0 /home/mzdyb/.local/lib/python3.13/site-packages/filelock/__init__.py
2025-07-15T10:18:21.325398+00:00 DEBUG 'ansible_navigator.main' fros==1.1 
2025-07-15T10:18:21.325416+00:00 DEBUG 'ansible_navigator.main' frozenlist==1.5.0 /usr/lib64/python3.13/site-packages/frozenlist/__init__.py
2025-07-15T10:18:21.325434+00:00 DEBUG 'ansible_navigator.main' fsspec==2025.3.0 /home/mzdyb/.local/lib/python3.13/site-packages/fsspec/__init__.py
2025-07-15T10:18:21.325451+00:00 DEBUG 'ansible_navigator.main' gpg==1.23.2 /usr/lib64/python3.13/site-packages/gpg/__init__.py
2025-07-15T10:18:21.325469+00:00 DEBUG 'ansible_navigator.main' gradio_client==1.8.0 /home/mzdyb/.local/lib/python3.13/site-packages/gradio_client/__init__.py
2025-07-15T10:18:21.325487+00:00 DEBUG 'ansible_navigator.main' grpclib==0.4.8 /home/mzdyb/.local/lib/python3.13/site-packages/grpclib/__init__.py
2025-07-15T10:18:21.325505+00:00 DEBUG 'ansible_navigator.main' h11==0.14.0 /home/mzdyb/.local/lib/python3.13/site-packages/h11/__init__.py
2025-07-15T10:18:21.325526+00:00 DEBUG 'ansible_navigator.main' h2==4.2.0 /home/mzdyb/.local/lib/python3.13/site-packages/h2/__init__.py
2025-07-15T10:18:21.325544+00:00 DEBUG 'ansible_navigator.main' hid-parser==0.0.3 
2025-07-15T10:18:21.325563+00:00 DEBUG 'ansible_navigator.main' hpack==4.1.0 /home/mzdyb/.local/lib/python3.13/site-packages/hpack/__init__.py
2025-07-15T10:18:21.325581+00:00 DEBUG 'ansible_navigator.main' html2text==2024.2.26 /usr/lib/python3.13/site-packages/html2text/__init__.py
2025-07-15T10:18:21.325599+00:00 DEBUG 'ansible_navigator.main' html5-parser==0.4.12 
2025-07-15T10:18:21.325616+00:00 DEBUG 'ansible_navigator.main' html5lib==1.1 /usr/lib/python3.13/site-packages/html5lib/__init__.py
2025-07-15T10:18:21.325634+00:00 DEBUG 'ansible_navigator.main' httpcore==1.0.7 /home/mzdyb/.local/lib/python3.13/site-packages/httpcore/__init__.py
2025-07-15T10:18:21.325652+00:00 DEBUG 'ansible_navigator.main' httpx==0.28.1 /home/mzdyb/.local/lib/python3.13/site-packages/httpx/__init__.py
2025-07-15T10:18:21.325670+00:00 DEBUG 'ansible_navigator.main' huggingface-hub==0.29.3 
2025-07-15T10:18:21.325687+00:00 DEBUG 'ansible_navigator.main' hyperframe==6.1.0 /home/mzdyb/.local/lib/python3.13/site-packages/hyperframe/__init__.py
2025-07-15T10:18:21.325706+00:00 DEBUG 'ansible_navigator.main' ifaddr==0.1.7 /usr/lib/python3.13/site-packages/ifaddr/__init__.py
2025-07-15T10:18:21.325722+00:00 DEBUG 'ansible_navigator.main' importlib_metadata==8.6.1 /home/mzdyb/.local/lib/python3.13/site-packages/importlib_metadata/__init__.py
2025-07-15T10:18:21.325741+00:00 DEBUG 'ansible_navigator.main' iniparse==0.5 /usr/lib/python3.13/site-packages/iniparse/__init__.py
2025-07-15T10:18:21.325758+00:00 DEBUG 'ansible_navigator.main' ipykernel==6.29.5 /home/mzdyb/.local/lib/python3.13/site-packages/ipykernel/__init__.py
2025-07-15T10:18:21.325776+00:00 DEBUG 'ansible_navigator.main' ipython==9.0.2 
2025-07-15T10:18:21.325793+00:00 DEBUG 'ansible_navigator.main' ipython_pygments_lexers==1.1.1 /home/mzdyb/.local/lib/python3.13/site-packages/ipython_pygments_lexers.py
2025-07-15T10:18:21.325811+00:00 DEBUG 'ansible_navigator.main' iso639==0.1.4 /usr/lib/python3.13/site-packages/iso639/__init__.py
2025-07-15T10:18:21.325828+00:00 DEBUG 'ansible_navigator.main' jedi==0.19.2 /home/mzdyb/.local/lib/python3.13/site-packages/jedi/__init__.py
2025-07-15T10:18:21.325846+00:00 DEBUG 'ansible_navigator.main' jmespath==1.0.1 /usr/lib/python3.13/site-packages/jmespath/__init__.py
2025-07-15T10:18:21.325864+00:00 DEBUG 'ansible_navigator.main' jupyter_client==8.6.3 /home/mzdyb/.local/lib/python3.13/site-packages/jupyter_client/__init__.py
2025-07-15T10:18:21.325882+00:00 DEBUG 'ansible_navigator.main' jupyter_core==5.7.2 /home/mzdyb/.local/lib/python3.13/site-packages/jupyter_core/__init__.py
2025-07-15T10:18:21.325899+00:00 DEBUG 'ansible_navigator.main' langtable==0.0.68 /usr/lib/python3.13/site-packages/langtable/__init__.py
2025-07-15T10:18:21.325918+00:00 DEBUG 'ansible_navigator.main' libcomps==0.1.21 /usr/lib64/python3.13/site-packages/libcomps/__init__.py
2025-07-15T10:18:21.325936+00:00 DEBUG 'ansible_navigator.main' libvirt-python==10.6.0 
2025-07-15T10:18:21.325954+00:00 DEBUG 'ansible_navigator.main' lockfile==0.12.2 /home/mzdyb/.local/lib/python3.13/site-packages/lockfile/__init__.py
2025-07-15T10:18:21.325972+00:00 DEBUG 'ansible_navigator.main' louis==3.33.0 /usr/lib/python3.13/site-packages/louis/__init__.py
2025-07-15T10:18:21.325990+00:00 DEBUG 'ansible_navigator.main' lxml==5.3.2 /usr/lib64/python3.13/site-packages/lxml/__init__.py
2025-07-15T10:18:21.326008+00:00 DEBUG 'ansible_navigator.main' lxml_html_clean==0.4.2 /usr/lib/python3.13/site-packages/lxml_html_clean/__init__.py
2025-07-15T10:18:21.326026+00:00 DEBUG 'ansible_navigator.main' markdown-it-py==3.0.0 
2025-07-15T10:18:21.326044+00:00 DEBUG 'ansible_navigator.main' matplotlib-inline==0.1.7 
2025-07-15T10:18:21.326063+00:00 DEBUG 'ansible_navigator.main' mdurl==0.1.2 /home/mzdyb/.local/lib/python3.13/site-packages/mdurl/__init__.py
2025-07-15T10:18:21.326084+00:00 DEBUG 'ansible_navigator.main' mechanize==0.4.10 /usr/lib/python3.13/site-packages/mechanize/__init__.py
2025-07-15T10:18:21.326103+00:00 DEBUG 'ansible_navigator.main' msgpack==1.0.6 /usr/lib64/python3.13/site-packages/msgpack/__init__.py
2025-07-15T10:18:21.326123+00:00 DEBUG 'ansible_navigator.main' multidict==6.0.5 /usr/lib64/python3.13/site-packages/multidict/__init__.py
2025-07-15T10:18:21.326140+00:00 DEBUG 'ansible_navigator.main' mypy-extensions==1.0.0 
2025-07-15T10:18:21.326159+00:00 DEBUG 'ansible_navigator.main' nest-asyncio==1.6.0 
2025-07-15T10:18:21.326177+00:00 DEBUG 'ansible_navigator.main' netaddr==1.3.0 /home/mzdyb/.local/lib/python3.13/site-packages/netaddr/__init__.py
2025-07-15T10:18:21.326197+00:00 DEBUG 'ansible_navigator.main' netifaces==0.11.0 /usr/lib64/python3.13/site-packages/netifaces.cpython-313-x86_64-linux-gnu.so
2025-07-15T10:18:21.326221+00:00 DEBUG 'ansible_navigator.main' nftables==0.1 /usr/lib/python3.13/site-packages/nftables/__init__.py
2025-07-15T10:18:21.326241+00:00 DEBUG 'ansible_navigator.main' odfpy==1.4.1 
2025-07-15T10:18:21.326259+00:00 DEBUG 'ansible_navigator.main' olefile==0.47 /usr/lib/python3.13/site-packages/olefile/__init__.py
2025-07-15T10:18:21.326278+00:00 DEBUG 'ansible_navigator.main' onigurumacffi==1.4.1 /home/mzdyb/.local/lib/python3.13/site-packages/onigurumacffi.py
2025-07-15T10:18:21.326296+00:00 DEBUG 'ansible_navigator.main' paramiko==3.5.1 /usr/lib/python3.13/site-packages/paramiko/__init__.py
2025-07-15T10:18:21.326314+00:00 DEBUG 'ansible_navigator.main' parso==0.8.4 /home/mzdyb/.local/lib/python3.13/site-packages/parso/__init__.py
2025-07-15T10:18:21.326334+00:00 DEBUG 'ansible_navigator.main' pathspec==0.12.1 /home/mzdyb/.local/lib/python3.13/site-packages/pathspec/__init__.py
2025-07-15T10:18:21.326352+00:00 DEBUG 'ansible_navigator.main' pbr==6.1.1 /home/mzdyb/.local/lib/python3.13/site-packages/pbr/__init__.py
2025-07-15T10:18:21.326370+00:00 DEBUG 'ansible_navigator.main' perf==0.1 /usr/lib64/python3.13/site-packages/perf.cpython-313-x86_64-linux-gnu.so
2025-07-15T10:18:21.326389+00:00 DEBUG 'ansible_navigator.main' pexpect==4.9.0 /usr/lib/python3.13/site-packages/pexpect/__init__.py
2025-07-15T10:18:21.326407+00:00 DEBUG 'ansible_navigator.main' pid==2.2.3 /usr/lib/python3.13/site-packages/pid/__init__.py
2025-07-15T10:18:21.326425+00:00 DEBUG 'ansible_navigator.main' pillow==11.0.0 
2025-07-15T10:18:21.326444+00:00 DEBUG 'ansible_navigator.main' pip==25.0.1 /home/mzdyb/.local/lib/python3.13/site-packages/pip/__init__.py
2025-07-15T10:18:21.326462+00:00 DEBUG 'ansible_navigator.main' platformdirs==4.3.6 /home/mzdyb/.local/lib/python3.13/site-packages/platformdirs/__init__.py
2025-07-15T10:18:21.326480+00:00 DEBUG 'ansible_navigator.main' ply==3.11 /usr/lib/python3.13/site-packages/ply/__init__.py
2025-07-15T10:18:21.326498+00:00 DEBUG 'ansible_navigator.main' podman-compose==1.4.1 
2025-07-15T10:18:21.326516+00:00 DEBUG 'ansible_navigator.main' productmd==1.45 /usr/lib/python3.13/site-packages/productmd/__init__.py
2025-07-15T10:18:21.326533+00:00 DEBUG 'ansible_navigator.main' prompt_toolkit==3.0.50 /home/mzdyb/.local/lib/python3.13/site-packages/prompt_toolkit/__init__.py
2025-07-15T10:18:21.326551+00:00 DEBUG 'ansible_navigator.main' psutil==5.9.8 /usr/lib64/python3.13/site-packages/psutil/__init__.py
2025-07-15T10:18:21.326569+00:00 DEBUG 'ansible_navigator.main' pure_eval==0.2.3 /home/mzdyb/.local/lib/python3.13/site-packages/pure_eval/__init__.py
2025-07-15T10:18:21.326587+00:00 DEBUG 'ansible_navigator.main' pwquality==1.4.5 /usr/lib64/python3.13/site-packages/pwquality.cpython-313-x86_64-linux-gnu.so
2025-07-15T10:18:21.326605+00:00 DEBUG 'ansible_navigator.main' pyOpenSSL==24.2.1 
2025-07-15T10:18:21.326623+00:00 DEBUG 'ansible_navigator.main' pyasn1==0.6.0 /usr/lib/python3.13/site-packages/pyasn1/__init__.py
2025-07-15T10:18:21.326641+00:00 DEBUG 'ansible_navigator.main' pyavd==5.5.1 /home/mzdyb/.local/lib/python3.13/site-packages/pyavd/__init__.py
2025-07-15T10:18:21.326663+00:00 DEBUG 'ansible_navigator.main' pycairo==1.25.1 
2025-07-15T10:18:21.326683+00:00 DEBUG 'ansible_navigator.main' pycares==4.9.0 /usr/lib64/python3.13/site-packages/pycares/__init__.py
2025-07-15T10:18:21.326700+00:00 DEBUG 'ansible_navigator.main' pychm==0.8.6 
2025-07-15T10:18:21.326719+00:00 DEBUG 'ansible_navigator.main' pycparser==2.20 /usr/lib/python3.13/site-packages/pycparser/__init__.py
2025-07-15T10:18:21.326737+00:00 DEBUG 'ansible_navigator.main' pycrypto==2.6.1 
2025-07-15T10:18:21.326755+00:00 DEBUG 'ansible_navigator.main' pycups==2.0.4 
2025-07-15T10:18:21.326772+00:00 DEBUG 'ansible_navigator.main' pycurl==7.45.3 /usr/lib64/python3.13/site-packages/pycurl.cpython-313-x86_64-linux-gnu.so
2025-07-15T10:18:21.326790+00:00 DEBUG 'ansible_navigator.main' pydantic-extra-types==2.10.5 
2025-07-15T10:18:21.326808+00:00 DEBUG 'ansible_navigator.main' pydantic-settings==2.10.1 
2025-07-15T10:18:21.326826+00:00 DEBUG 'ansible_navigator.main' pydantic==2.11.7 /home/mzdyb/.local/lib/python3.13/site-packages/pydantic/__init__.py
2025-07-15T10:18:21.326844+00:00 DEBUG 'ansible_navigator.main' pydantic_core==2.33.2 /home/mzdyb/.local/lib/python3.13/site-packages/pydantic_core/__init__.py
2025-07-15T10:18:21.326863+00:00 DEBUG 'ansible_navigator.main' pyenchant==3.2.2 
2025-07-15T10:18:21.326880+00:00 DEBUG 'ansible_navigator.main' pyinotify==0.9.6 /usr/lib/python3.13/site-packages/pyinotify.py
2025-07-15T10:18:21.326899+00:00 DEBUG 'ansible_navigator.main' pykickstart==3.58 /usr/lib/python3.13/site-packages/pykickstart/__init__.py
2025-07-15T10:18:21.326917+00:00 DEBUG 'ansible_navigator.main' pyparted==3.13.0 
2025-07-15T10:18:21.326935+00:00 DEBUG 'ansible_navigator.main' python-augeas==1.1.0 
2025-07-15T10:18:21.326952+00:00 DEBUG 'ansible_navigator.main' python-daemon==3.1.2 
2025-07-15T10:18:21.326971+00:00 DEBUG 'ansible_navigator.main' python-dateutil==2.8.2 
2025-07-15T10:18:21.326988+00:00 DEBUG 'ansible_navigator.main' python-dotenv==1.0.1 
2025-07-15T10:18:21.327007+00:00 DEBUG 'ansible_navigator.main' python-linux-procfs==0.7.3 
2025-07-15T10:18:21.327024+00:00 DEBUG 'ansible_navigator.main' python-meh==0.52 
2025-07-15T10:18:21.327042+00:00 DEBUG 'ansible_navigator.main' python-pam==2.0.2 
2025-07-15T10:18:21.327060+00:00 DEBUG 'ansible_navigator.main' python-xlib==0.33 
2025-07-15T10:18:21.327078+00:00 DEBUG 'ansible_navigator.main' pyudev==0.24.3 /usr/lib/python3.13/site-packages/pyudev/__init__.py
2025-07-15T10:18:21.327095+00:00 DEBUG 'ansible_navigator.main' pyxdg==0.27 
2025-07-15T10:18:21.327114+00:00 DEBUG 'ansible_navigator.main' pyynl==0.0.1 /usr/lib/python3.13/site-packages/pyynl/__init__.py
2025-07-15T10:18:21.327131+00:00 DEBUG 'ansible_navigator.main' pyzmq==26.3.0 
2025-07-15T10:18:21.327150+00:00 DEBUG 'ansible_navigator.main' rapidfuzz==3.5.2 /usr/lib64/python3.13/site-packages/rapidfuzz/__init__.py
2025-07-15T10:18:21.327167+00:00 DEBUG 'ansible_navigator.main' regex==2024.11.6 /usr/lib64/python3.13/site-packages/regex/__init__.py
2025-07-15T10:18:21.327185+00:00 DEBUG 'ansible_navigator.main' requests-file==2.0.0 
2025-07-15T10:18:21.327202+00:00 DEBUG 'ansible_navigator.main' requests-ftp==0.3.1 
2025-07-15T10:18:21.327226+00:00 DEBUG 'ansible_navigator.main' requests==2.32.3 /usr/lib/python3.13/site-packages/requests/__init__.py
2025-07-15T10:18:21.327246+00:00 DEBUG 'ansible_navigator.main' resolvelib==1.0.1 /usr/lib/python3.13/site-packages/resolvelib/__init__.py
2025-07-15T10:18:21.327264+00:00 DEBUG 'ansible_navigator.main' rich==14.0.0 /home/mzdyb/.local/lib/python3.13/site-packages/rich/__init__.py
2025-07-15T10:18:21.327282+00:00 DEBUG 'ansible_navigator.main' ruamel.yaml==0.18.10 /home/mzdyb/.local/lib/python3.13/site-packages/ruamel/yaml/__init__.py
2025-07-15T10:18:21.327299+00:00 DEBUG 'ansible_navigator.main' s3transfer==0.13.0 /usr/lib/python3.13/site-packages/s3transfer/__init__.py
2025-07-15T10:18:21.327317+00:00 DEBUG 'ansible_navigator.main' selinux==3.7 /usr/lib64/python3.13/site-packages/selinux/__init__.py
2025-07-15T10:18:21.327334+00:00 DEBUG 'ansible_navigator.main' sepolicy==3.7 /usr/lib/python3.13/site-packages/sepolicy/__init__.py
2025-07-15T10:18:21.327355+00:00 DEBUG 'ansible_navigator.main' setools==4.5.1 /usr/lib64/python3.13/site-packages/setools/__init__.py
2025-07-15T10:18:21.327373+00:00 DEBUG 'ansible_navigator.main' setuptools==69.2.0 /usr/lib/python3.13/site-packages/setuptools/__init__.py
2025-07-15T10:18:21.327392+00:00 DEBUG 'ansible_navigator.main' sgmllib3k==1.0.0 
2025-07-15T10:18:21.327410+00:00 DEBUG 'ansible_navigator.main' simpleaudio==1.0.4 /usr/lib64/python3.13/site-packages/simpleaudio/__init__.py
2025-07-15T10:18:21.327428+00:00 DEBUG 'ansible_navigator.main' simpleline==1.9.0 /usr/lib/python3.13/site-packages/simpleline/__init__.py
2025-07-15T10:18:21.327445+00:00 DEBUG 'ansible_navigator.main' six==1.16.0 /usr/lib/python3.13/site-packages/six.py
2025-07-15T10:18:21.327463+00:00 DEBUG 'ansible_navigator.main' sniffio==1.3.1 /home/mzdyb/.local/lib/python3.13/site-packages/sniffio/__init__.py
2025-07-15T10:18:21.327480+00:00 DEBUG 'ansible_navigator.main' solaar==1.1.14 /usr/lib/python3.13/site-packages/solaar/__init__.py
2025-07-15T10:18:21.327498+00:00 DEBUG 'ansible_navigator.main' sos==4.9.1 /usr/lib/python3.13/site-packages/sos/__init__.py
2025-07-15T10:18:21.327515+00:00 DEBUG 'ansible_navigator.main' stack-data==0.6.3 
2025-07-15T10:18:21.327533+00:00 DEBUG 'ansible_navigator.main' subprocess-tee==0.4.2 
2025-07-15T10:18:21.327550+00:00 DEBUG 'ansible_navigator.main' systemd-python==235 
2025-07-15T10:18:21.327568+00:00 DEBUG 'ansible_navigator.main' texttable==1.6.7 /usr/lib/python3.13/site-packages/texttable.py
2025-07-15T10:18:21.327585+00:00 DEBUG 'ansible_navigator.main' tornado==6.4.2 /home/mzdyb/.local/lib/python3.13/site-packages/tornado/__init__.py
2025-07-15T10:18:21.327603+00:00 DEBUG 'ansible_navigator.main' tqdm==4.67.1 /home/mzdyb/.local/lib/python3.13/site-packages/tqdm/__init__.py
2025-07-15T10:18:21.327620+00:00 DEBUG 'ansible_navigator.main' traitlets==5.14.3 /home/mzdyb/.local/lib/python3.13/site-packages/traitlets/__init__.py
2025-07-15T10:18:21.327638+00:00 DEBUG 'ansible_navigator.main' treelib==1.8.0 /home/mzdyb/.local/lib/python3.13/site-packages/treelib/__init__.py
2025-07-15T10:18:21.327655+00:00 DEBUG 'ansible_navigator.main' typing-inspection==0.4.1 
2025-07-15T10:18:21.327674+00:00 DEBUG 'ansible_navigator.main' tzdata==2025.1 /home/mzdyb/.local/lib/python3.13/site-packages/tzdata/__init__.py
2025-07-15T10:18:21.327691+00:00 DEBUG 'ansible_navigator.main' urllib3==1.26.20 /usr/lib/python3.13/site-packages/urllib3/__init__.py
2025-07-15T10:18:21.327709+00:00 DEBUG 'ansible_navigator.main' virt-who==1.31.26 
2025-07-15T10:18:21.327726+00:00 DEBUG 'ansible_navigator.main' wcmatch==10.0 /home/mzdyb/.local/lib/python3.13/site-packages/wcmatch/__init__.py
2025-07-15T10:18:21.327744+00:00 DEBUG 'ansible_navigator.main' wcwidth==0.2.13 /home/mzdyb/.local/lib/python3.13/site-packages/wcwidth/__init__.py
2025-07-15T10:18:21.327762+00:00 DEBUG 'ansible_navigator.main' webencodings==0.5.1 /usr/lib/python3.13/site-packages/webencodings/__init__.py
2025-07-15T10:18:21.327780+00:00 DEBUG 'ansible_navigator.main' websocket-client==1.7.0 
2025-07-15T10:18:21.327797+00:00 DEBUG 'ansible_navigator.main' websockets==15.0.1 /home/mzdyb/.local/lib/python3.13/site-packages/websockets/__init__.py
2025-07-15T10:18:21.327816+00:00 DEBUG 'ansible_navigator.main' xkbregistry==0.3 /usr/lib64/python3.13/site-packages/xkbregistry/__init__.py
2025-07-15T10:18:21.327834+00:00 DEBUG 'ansible_navigator.main' xxhash==3.5.0 /usr/lib64/python3.13/site-packages/xxhash/__init__.py
2025-07-15T10:18:21.327852+00:00 DEBUG 'ansible_navigator.main' yamllint==1.36.2 /home/mzdyb/.local/lib/python3.13/site-packages/yamllint/__init__.py
2025-07-15T10:18:21.327869+00:00 DEBUG 'ansible_navigator.main' yarl==1.9.4 /usr/lib64/python3.13/site-packages/yarl/__init__.py
2025-07-15T10:18:21.327888+00:00 DEBUG 'ansible_navigator.main' zipp==3.21.0 /home/mzdyb/.local/lib/python3.13/site-packages/zipp/__init__.py
2025-07-15T10:18:21.327906+00:00 DEBUG 'ansible_navigator.main' Default collection_doc_cache_path set to: /home/mzdyb/.cache/ansible-navigator/collection_doc_cache.db
2025-07-15T10:18:21.327928+00:00 DEBUG 'ansible_navigator.main' EDITOR environment variable set as '/usr/bin/nano'
2025-07-15T10:18:21.327946+00:00 DEBUG 'ansible_navigator.main' Default editor_command set to: /usr/bin/nano {filename}
2025-07-15T10:18:21.327965+00:00 DEBUG 'ansible_navigator.main' No config file set by ANSIBLE_NAVIGATOR_CONFIG
2025-07-15T10:18:21.327984+00:00 DEBUG 'ansible_navigator.main' Looking in /home/mzdyb/.ansible-navigator
2025-07-15T10:18:21.328001+00:00 DEBUG 'ansible_navigator.main' Looking for '/home/mzdyb/.ansible-navigator.yml', '/home/mzdyb/.ansible-navigator.yaml' and '/home/mzdyb/.ansible-navigator.json'
2025-07-15T10:18:21.328019+00:00 DEBUG 'ansible_navigator.main' Found 0: 
2025-07-15T10:18:21.328037+00:00 DEBUG 'ansible_navigator.main' Looking in /home/mzdyb/git/avd-aap/ansible-navigator
2025-07-15T10:18:21.328055+00:00 DEBUG 'ansible_navigator.main' Looking for '/home/mzdyb/git/avd-aap/ansible-navigator.yml', '/home/mzdyb/git/avd-aap/ansible-navigator.yaml' and '/home/mzdyb/git/avd-aap/ansible-navigator.json'
2025-07-15T10:18:21.328073+00:00 DEBUG 'ansible_navigator.main' Found 1: '/home/mzdyb/git/avd-aap/ansible-navigator.yml'
2025-07-15T10:18:21.328091+00:00 DEBUG 'ansible_navigator.main' All found 1: '/home/mzdyb/git/avd-aap/ansible-navigator.yml'
2025-07-15T10:18:21.328108+00:00 DEBUG 'ansible_navigator.main' Using: /home/mzdyb/git/avd-aap/ansible-navigator.yml
2025-07-15T10:18:21.328127+00:00 DEBUG 'ansible_navigator.main' Using settings file at /home/mzdyb/git/avd-aap/ansible-navigator.yml in search path
2025-07-15T10:18:21.328144+00:00 DEBUG 'ansible_navigator.main' Command provided: 'run playbooks/build-deploy.yml -i inventory.yml'
2025-07-15T10:18:21.328165+00:00 WARNING 'ansible_navigator.main' Configuration errors encountered, rolling back to previous configuration.
2025-07-15T10:18:21.328183+00:00 DEBUG 'ansible_navigator.main' Prior to rollback: ansible_runner_artifact_dir = 'Not set' (Constants/Not set)
2025-07-15T10:18:21.328201+00:00 DEBUG 'ansible_navigator.main' Prior to rollback: ansible_runner_rotate_artifacts_count = 'Not set' (Constants/Not set)
2025-07-15T10:18:21.328223+00:00 DEBUG 'ansible_navigator.main' Prior to rollback: ansible_runner_timeout = 'Not set' (Constants/Not set)
2025-07-15T10:18:21.328244+00:00 DEBUG 'ansible_navigator.main' Prior to rollback: ansible_runner_write_job_events = 'False' (bool/Defaults)
2025-07-15T10:18:21.328261+00:00 DEBUG 'ansible_navigator.main' Prior to rollback: app = 'run' (str/Command line)
2025-07-15T10:18:21.328280+00:00 DEBUG 'ansible_navigator.main' Prior to rollback: cmdline = 'Not set' (Constants/Not set)
2025-07-15T10:18:21.328297+00:00 DEBUG 'ansible_navigator.main' Prior to rollback: collection_doc_cache_path = '/home/mzdyb/.cache/ansible-navigator/collection_doc_cache.db' (str/Defaults)
2025-07-15T10:18:21.328315+00:00 DEBUG 'ansible_navigator.main' Prior to rollback: config = 'Not set' (Constants/Not set)
2025-07-15T10:18:21.328332+00:00 DEBUG 'ansible_navigator.main' Prior to rollback: container_engine = 'auto' (str/Defaults)
2025-07-15T10:18:21.328351+00:00 DEBUG 'ansible_navigator.main' Prior to rollback: container_options = 'Not set' (Constants/Not set)
2025-07-15T10:18:21.328368+00:00 DEBUG 'ansible_navigator.main' Prior to rollback: display_color = 'True' (bool/Defaults)
2025-07-15T10:18:21.328386+00:00 DEBUG 'ansible_navigator.main' Prior to rollback: editor_command = '/usr/bin/nano {filename}' (str/Defaults)
2025-07-15T10:18:21.328404+00:00 DEBUG 'ansible_navigator.main' Prior to rollback: editor_console = 'True' (bool/Defaults)
2025-07-15T10:18:21.328422+00:00 DEBUG 'ansible_navigator.main' Prior to rollback: enable_prompts = 'False' (bool/Defaults)
2025-07-15T10:18:21.328439+00:00 DEBUG 'ansible_navigator.main' Prior to rollback: exec_command = '/bin/bash' (str/Defaults)
2025-07-15T10:18:21.328457+00:00 DEBUG 'ansible_navigator.main' Prior to rollback: exec_shell = 'True' (bool/Defaults)
2025-07-15T10:18:21.328477+00:00 DEBUG 'ansible_navigator.main' Prior to rollback: execution_environment = 'True' (bool/Defaults)
2025-07-15T10:18:21.328497+00:00 DEBUG 'ansible_navigator.main' Prior to rollback: execution_environment_image = 'ghcr.io/ansible/community-ansible-dev-tools:latest' (str/Defaults)
2025-07-15T10:18:21.328517+00:00 DEBUG 'ansible_navigator.main' Prior to rollback: execution_environment_volume_mounts = 'Not set' (Constants/Not set)
2025-07-15T10:18:21.328535+00:00 DEBUG 'ansible_navigator.main' Prior to rollback: format = 'yaml' (str/Defaults)
2025-07-15T10:18:21.328553+00:00 DEBUG 'ansible_navigator.main' Prior to rollback: help_builder = 'False' (bool/Defaults)
2025-07-15T10:18:21.328570+00:00 DEBUG 'ansible_navigator.main' Prior to rollback: help_config = 'False' (bool/Defaults)
2025-07-15T10:18:21.328589+00:00 DEBUG 'ansible_navigator.main' Prior to rollback: help_doc = 'False' (bool/Defaults)
2025-07-15T10:18:21.328606+00:00 DEBUG 'ansible_navigator.main' Prior to rollback: help_inventory = 'False' (bool/Defaults)
2025-07-15T10:18:21.328625+00:00 DEBUG 'ansible_navigator.main' Prior to rollback: help_playbook = 'False' (bool/Defaults)
2025-07-15T10:18:21.328642+00:00 DEBUG 'ansible_navigator.main' Prior to rollback: images_details = '['everything']' (list/Defaults)
2025-07-15T10:18:21.328660+00:00 DEBUG 'ansible_navigator.main' Prior to rollback: inventory = '[['inventory.yml']]' (list/Command line)
2025-07-15T10:18:21.328678+00:00 DEBUG 'ansible_navigator.main' Prior to rollback: inventory_column = 'Not set' (Constants/Not set)
2025-07-15T10:18:21.328696+00:00 DEBUG 'ansible_navigator.main' Prior to rollback: lint_config = 'Not set' (Constants/Not set)
2025-07-15T10:18:21.328713+00:00 DEBUG 'ansible_navigator.main' Prior to rollback: lintables = 'Not set' (Constants/Not set)
2025-07-15T10:18:21.328731+00:00 DEBUG 'ansible_navigator.main' Prior to rollback: log_append = 'True' (bool/Defaults)
2025-07-15T10:18:21.328748+00:00 DEBUG 'ansible_navigator.main' Prior to rollback: log_file = '/home/mzdyb/git/avd-aap/ansible-navigator.log' (str/Defaults)
2025-07-15T10:18:21.328766+00:00 DEBUG 'ansible_navigator.main' Prior to rollback: log_level = 'warning' (str/Defaults)
2025-07-15T10:18:21.328783+00:00 DEBUG 'ansible_navigator.main' Prior to rollback: mode = 'interactive' (str/Defaults)
2025-07-15T10:18:21.328802+00:00 DEBUG 'ansible_navigator.main' Prior to rollback: osc4 = 'True' (bool/Defaults)
2025-07-15T10:18:21.328820+00:00 DEBUG 'ansible_navigator.main' Prior to rollback: pass_environment_variable = 'Not set' (Constants/Not set)
2025-07-15T10:18:21.328838+00:00 DEBUG 'ansible_navigator.main' Prior to rollback: playbook = 'playbooks/build-deploy.yml' (str/Command line)
2025-07-15T10:18:21.328856+00:00 DEBUG 'ansible_navigator.main' Prior to rollback: playbook_artifact_enable = 'True' (bool/Defaults)
2025-07-15T10:18:21.328874+00:00 DEBUG 'ansible_navigator.main' Prior to rollback: playbook_artifact_replay = 'Not set' (Constants/Not set)
2025-07-15T10:18:21.328891+00:00 DEBUG 'ansible_navigator.main' Prior to rollback: playbook_artifact_save_as = '{playbook_dir}/{playbook_name}-artifact-{time_stamp}.json' (str/Defaults)
2025-07-15T10:18:21.328910+00:00 DEBUG 'ansible_navigator.main' Prior to rollback: plugin_name = 'Not set' (Constants/Not set)
2025-07-15T10:18:21.328927+00:00 DEBUG 'ansible_navigator.main' Prior to rollback: plugin_type = 'module' (str/Defaults)
2025-07-15T10:18:21.328945+00:00 DEBUG 'ansible_navigator.main' Prior to rollback: pull_arguments = 'Not set' (Constants/Not set)
2025-07-15T10:18:21.328963+00:00 DEBUG 'ansible_navigator.main' Prior to rollback: pull_policy = 'tag' (str/Defaults)
2025-07-15T10:18:21.328981+00:00 DEBUG 'ansible_navigator.main' Prior to rollback: set_environment_variable = 'Not set' (Constants/Not set)
2025-07-15T10:18:21.328999+00:00 DEBUG 'ansible_navigator.main' Prior to rollback: settings_effective = 'False' (bool/Defaults)
2025-07-15T10:18:21.329017+00:00 DEBUG 'ansible_navigator.main' Prior to rollback: settings_sample = 'False' (bool/Defaults)
2025-07-15T10:18:21.329038+00:00 DEBUG 'ansible_navigator.main' Prior to rollback: settings_schema = 'json' (str/Defaults)
2025-07-15T10:18:21.329057+00:00 DEBUG 'ansible_navigator.main' Prior to rollback: settings_sources = 'False' (bool/Defaults)
2025-07-15T10:18:21.329076+00:00 DEBUG 'ansible_navigator.main' Prior to rollback: time_zone = 'UTC' (str/Defaults)
2025-07-15T10:18:21.329093+00:00 DEBUG 'ansible_navigator.main' Prior to rollback: workdir = '/home/mzdyb/git/avd-aap' (str/Defaults)
2025-07-15T10:18:21.329111+00:00 DEBUG 'ansible_navigator.main' After rollback: ansible_runner_artifact_dir = 'Not set' (Constants/Not set)
2025-07-15T10:18:21.329129+00:00 DEBUG 'ansible_navigator.main' After rollback: ansible_runner_rotate_artifacts_count = 'Not set' (Constants/Not set)
2025-07-15T10:18:21.329147+00:00 DEBUG 'ansible_navigator.main' After rollback: ansible_runner_timeout = 'Not set' (Constants/Not set)
2025-07-15T10:18:21.329164+00:00 DEBUG 'ansible_navigator.main' After rollback: ansible_runner_write_job_events = 'Not set' (Constants/Not set)
2025-07-15T10:18:21.329182+00:00 DEBUG 'ansible_navigator.main' After rollback: app = 'Not set' (Constants/Not set)
2025-07-15T10:18:21.329199+00:00 DEBUG 'ansible_navigator.main' After rollback: cmdline = 'Not set' (Constants/Not set)
2025-07-15T10:18:21.329222+00:00 DEBUG 'ansible_navigator.main' After rollback: collection_doc_cache_path = 'Not set' (Constants/Not set)
2025-07-15T10:18:21.329241+00:00 DEBUG 'ansible_navigator.main' After rollback: config = 'Not set' (Constants/Not set)
2025-07-15T10:18:21.329260+00:00 DEBUG 'ansible_navigator.main' After rollback: container_engine = 'Not set' (Constants/Not set)
2025-07-15T10:18:21.329277+00:00 DEBUG 'ansible_navigator.main' After rollback: container_options = 'Not set' (Constants/Not set)
2025-07-15T10:18:21.329295+00:00 DEBUG 'ansible_navigator.main' After rollback: display_color = 'Not set' (Constants/Not set)
2025-07-15T10:18:21.329312+00:00 DEBUG 'ansible_navigator.main' After rollback: editor_command = 'Not set' (Constants/Not set)
2025-07-15T10:18:21.329330+00:00 DEBUG 'ansible_navigator.main' After rollback: editor_console = 'Not set' (Constants/Not set)
2025-07-15T10:18:21.329347+00:00 DEBUG 'ansible_navigator.main' After rollback: enable_prompts = 'Not set' (Constants/Not set)
2025-07-15T10:18:21.329365+00:00 DEBUG 'ansible_navigator.main' After rollback: exec_command = 'Not set' (Constants/Not set)
2025-07-15T10:18:21.329382+00:00 DEBUG 'ansible_navigator.main' After rollback: exec_shell = 'Not set' (Constants/Not set)
2025-07-15T10:18:21.329401+00:00 DEBUG 'ansible_navigator.main' After rollback: execution_environment = 'Not set' (Constants/Not set)
2025-07-15T10:18:21.329418+00:00 DEBUG 'ansible_navigator.main' After rollback: execution_environment_image = 'Not set' (Constants/Not set)
2025-07-15T10:18:21.329437+00:00 DEBUG 'ansible_navigator.main' After rollback: execution_environment_volume_mounts = 'Not set' (Constants/Not set)
2025-07-15T10:18:21.329454+00:00 DEBUG 'ansible_navigator.main' After rollback: format = 'Not set' (Constants/Not set)
2025-07-15T10:18:21.329473+00:00 DEBUG 'ansible_navigator.main' After rollback: help_builder = 'Not set' (Constants/Not set)
2025-07-15T10:18:21.329489+00:00 DEBUG 'ansible_navigator.main' After rollback: help_config = 'Not set' (Constants/Not set)
2025-07-15T10:18:21.329508+00:00 DEBUG 'ansible_navigator.main' After rollback: help_doc = 'Not set' (Constants/Not set)
2025-07-15T10:18:21.329525+00:00 DEBUG 'ansible_navigator.main' After rollback: help_inventory = 'Not set' (Constants/Not set)
2025-07-15T10:18:21.329543+00:00 DEBUG 'ansible_navigator.main' After rollback: help_playbook = 'Not set' (Constants/Not set)
2025-07-15T10:18:21.329560+00:00 DEBUG 'ansible_navigator.main' After rollback: images_details = 'Not set' (Constants/Not set)
2025-07-15T10:18:21.329577+00:00 DEBUG 'ansible_navigator.main' After rollback: inventory = 'Not set' (Constants/Not set)
2025-07-15T10:18:21.329594+00:00 DEBUG 'ansible_navigator.main' After rollback: inventory_column = 'Not set' (Constants/Not set)
2025-07-15T10:18:21.329616+00:00 DEBUG 'ansible_navigator.main' After rollback: lint_config = 'Not set' (Constants/Not set)
2025-07-15T10:18:21.329634+00:00 DEBUG 'ansible_navigator.main' After rollback: lintables = 'Not set' (Constants/Not set)
2025-07-15T10:18:21.329652+00:00 DEBUG 'ansible_navigator.main' After rollback: log_append = 'Not set' (Constants/Not set)
2025-07-15T10:18:21.329671+00:00 DEBUG 'ansible_navigator.main' After rollback: log_file = 'Not set' (Constants/Not set)
2025-07-15T10:18:21.329688+00:00 DEBUG 'ansible_navigator.main' After rollback: log_level = 'Not set' (Constants/Not set)
2025-07-15T10:18:21.329706+00:00 DEBUG 'ansible_navigator.main' After rollback: mode = 'Not set' (Constants/Not set)
2025-07-15T10:18:21.329724+00:00 DEBUG 'ansible_navigator.main' After rollback: osc4 = 'Not set' (Constants/Not set)
2025-07-15T10:18:21.329742+00:00 DEBUG 'ansible_navigator.main' After rollback: pass_environment_variable = 'Not set' (Constants/Not set)
2025-07-15T10:18:21.329760+00:00 DEBUG 'ansible_navigator.main' After rollback: playbook = 'Not set' (Constants/Not set)
2025-07-15T10:18:21.329778+00:00 DEBUG 'ansible_navigator.main' After rollback: playbook_artifact_enable = 'Not set' (Constants/Not set)
2025-07-15T10:18:21.329795+00:00 DEBUG 'ansible_navigator.main' After rollback: playbook_artifact_replay = 'Not set' (Constants/Not set)
2025-07-15T10:18:21.329813+00:00 DEBUG 'ansible_navigator.main' After rollback: playbook_artifact_save_as = 'Not set' (Constants/Not set)
2025-07-15T10:18:21.329830+00:00 DEBUG 'ansible_navigator.main' After rollback: plugin_name = 'Not set' (Constants/Not set)
2025-07-15T10:18:21.329848+00:00 DEBUG 'ansible_navigator.main' After rollback: plugin_type = 'Not set' (Constants/Not set)
2025-07-15T10:18:21.329865+00:00 DEBUG 'ansible_navigator.main' After rollback: pull_arguments = 'Not set' (Constants/Not set)
2025-07-15T10:18:21.329883+00:00 DEBUG 'ansible_navigator.main' After rollback: pull_policy = 'Not set' (Constants/Not set)
2025-07-15T10:18:21.329900+00:00 DEBUG 'ansible_navigator.main' After rollback: set_environment_variable = 'Not set' (Constants/Not set)
2025-07-15T10:18:21.329918+00:00 DEBUG 'ansible_navigator.main' After rollback: settings_effective = 'Not set' (Constants/Not set)
2025-07-15T10:18:21.329935+00:00 DEBUG 'ansible_navigator.main' After rollback: settings_sample = 'Not set' (Constants/Not set)
2025-07-15T10:18:21.329954+00:00 DEBUG 'ansible_navigator.main' After rollback: settings_schema = 'Not set' (Constants/Not set)
2025-07-15T10:18:21.329970+00:00 DEBUG 'ansible_navigator.main' After rollback: settings_sources = 'Not set' (Constants/Not set)
2025-07-15T10:18:21.329988+00:00 DEBUG 'ansible_navigator.main' After rollback: time_zone = 'Not set' (Constants/Not set)
2025-07-15T10:18:21.330006+00:00 DEBUG 'ansible_navigator.main' After rollback: workdir = 'Not set' (Constants/Not set)
2025-07-15T10:18:21.330024+00:00 DEBUG 'ansible_navigator.main' Configuration rollback complete.
2025-07-15T10:18:21.330041+00:00 DEBUG 'ansible_navigator.main' Collection doc cache not mounted
2025-07-15T10:18:21.330066+00:00 WARNING 'ansible_navigator.main' Issues were found while applying the settings.
2025-07-15T10:18:21.330087+00:00 INFO 'ansible_navigator.main' Command provided: 'run playbooks/build-deploy.yml -i inventory.yml'
2025-07-15T10:18:21.330111+00:00 ERROR 'ansible_navigator.main' The following errors were found in the settings file (/home/mzdyb/git/avd-aap/ansible-navigator.yml):
2025-07-15T10:18:21.330132+00:00 ERROR 'ansible_navigator.main' In 'ansible-navigator.logging': Additional properties are not allowed ('mode' was unexpected).
2025-07-15T10:18:21.330152+00:00 INFO 'ansible_navigator.main' Check the settings file and compare it to the current version.
2025-07-15T10:18:21.330172+00:00 INFO 'ansible_navigator.main' The current version can be found here: (https://ansible-navigator.readthedocs.io/en/latest/settings/#ansible-navigator-settings)
2025-07-15T10:18:21.330191+00:00 INFO 'ansible_navigator.main' The schema used for validation can be seen with 'ansible-navigator settings --schema'
2025-07-15T10:18:21.330220+00:00 INFO 'ansible_navigator.main' A sample settings file can be created with 'ansible-navigator settings --sample'
2025-07-15T10:18:21.330243+00:00 INFO 'ansible_navigator.main' Configuration failed, using default log file location. (/home/mzdyb/git/avd-aap/ansible-navigator.log) Log level set to debug
2025-07-15T10:18:21.330263+00:00 INFO 'ansible_navigator.main' Review the hints and log file to see what went wrong.
